DEBUG:pip.vcs:Registered VCS backend: git
DEBUG:pip.vcs:Registered VCS backend: hg
DEBUG:pip.vcs:Registered VCS backend: svn
DEBUG:pip.vcs:Registered VCS backend: bzr
INFO:rasa_nlu.components:Added 'nlp_spacy' to component cache. Key 'nlp_spacy-en'.
DEBUG:rasa_core.tracker_store:Creating a new tracker for id 'default'.
DEBUG:rasa_core.processor:Received user message 'hi' with intent '{'name': 'greet', 'confidence': 0.92175478585362869}' and entities  '[]'
DEBUG:rasa_core.processor:Logged UserUtterance - tracker now has 2 events
DEBUG:rasa_core.processor:Current slot values: 
	car: None
	car_type: None
	mobile: None
	name: None
DEBUG:rasa_core.policies.memoization:Current tracker state [
	None
	None
	[('intent_greet', 1), ('prev_action_listen', 1)]]
DEBUG:rasa_core.policies.memoization:Used memorised next action '2'
DEBUG:rasa_core.policies.ensemble:Predicted next action #2 with prob 1.00.
DEBUG:rasa_core.processor:Bot utterance 'BotUttered(text: hi! Welcome to BatteryBoss! How can I help?, data: null)'
DEBUG:rasa_core.processor:Action 'utter_greet' ended with events '[]'
DEBUG:rasa_core.policies.memoization:Current tracker state [
	None
	[('intent_greet', 1), ('prev_action_listen', 1)]
	[('intent_greet', 1), ('prev_utter_greet', 1)]]
DEBUG:rasa_core.policies.memoization:Used memorised next action '0'
DEBUG:rasa_core.policies.ensemble:Predicted next action #0 with prob 1.00.
DEBUG:rasa_core.processor:Action 'action_listen' ended with events '[]'
DEBUG:rasa_core.processor:Current topic: None
DEBUG:rasa_core.tracker_store:Recreating tracker for id 'default'
DEBUG:rasa_core.processor:Received user message 'can you help in replacing my car battery' with intent '{'name': 'battery_search', 'confidence': 0.94586596916913657}' and entities  '[]'
DEBUG:rasa_core.processor:Logged UserUtterance - tracker now has 6 events
DEBUG:rasa_core.processor:Current slot values: 
	car: None
	car_type: None
	mobile: None
	name: None
DEBUG:rasa_core.policies.memoization:Current tracker state [
	[('intent_greet', 1), ('prev_action_listen', 1)]
	[('intent_greet', 1), ('prev_utter_greet', 1)]
	[('intent_battery_search', 1), ('prev_action_listen', 1)]]
DEBUG:rasa_core.policies.ensemble:Predicted next action #3 with prob 0.52.
DEBUG:rasa_core.processor:Bot utterance 'BotUttered(text: Please provide your name & contact number, data: null)'
DEBUG:rasa_core.processor:Action 'utter_ask_user_info' ended with events '[]'
DEBUG:rasa_core.policies.memoization:Current tracker state [
	[('intent_greet', 1), ('prev_utter_greet', 1)]
	[('intent_battery_search', 1), ('prev_action_listen', 1)]
	[('intent_battery_search', 1), ('prev_utter_ask_user_info', 1)]]
DEBUG:rasa_core.policies.ensemble:Predicted next action #0 with prob 1.00.
DEBUG:rasa_core.processor:Action 'action_listen' ended with events '[]'
DEBUG:rasa_core.processor:Current topic: None
DEBUG:rasa_core.tracker_store:Recreating tracker for id 'default'
DEBUG:rasa_core.processor:Received user message 'Madhav 9810784182' with intent '{'name': 'user_detail', 'confidence': 0.89598479112891449}' and entities  '[{'start': 0, 'end': 6, 'value': 'Madhav', 'entity': 'city', 'extractor': 'ner_crf'}, {'start': 7, 'end': 17, 'value': '9810784182', 'entity': 'mobile', 'extractor': 'ner_crf'}]'
DEBUG:rasa_core.processor:Logged UserUtterance - tracker now has 11 events
DEBUG:rasa_core.processor:Current slot values: 
	car: None
	car_type: None
	mobile: 9810784182
	name: None
DEBUG:rasa_core.featurizers:Feature 'entity_city' (value: '1.0') could not be found in feature map. Make sure you added all intents and entities to the domain
DEBUG:rasa_core.policies.memoization:Current tracker state [
	[('intent_battery_search', 1), ('prev_action_listen', 1)]
	[('intent_battery_search', 1), ('prev_utter_ask_user_info', 1)]
	[('intent_user_detail', 1), ('entity_mobile', 1), ('slot_mobile_0', 1), ('prev_action_listen', 1)]]
DEBUG:rasa_core.featurizers:Feature 'entity_city' (value: '1.0') could not be found in feature map. Make sure you added all intents and entities to the domain
DEBUG:rasa_core.policies.ensemble:Predicted next action #4 with prob 0.87.
DEBUG:rasa_core.processor:Bot utterance 'BotUttered(text: Is your car petrol or diesel, data: null)'
DEBUG:rasa_core.processor:Action 'utter_ask_car_type' ended with events '[]'
DEBUG:rasa_core.featurizers:Feature 'entity_city' (value: '1.0') could not be found in feature map. Make sure you added all intents and entities to the domain
DEBUG:rasa_core.featurizers:Feature 'entity_city' (value: '1.0') could not be found in feature map. Make sure you added all intents and entities to the domain
DEBUG:rasa_core.policies.memoization:Current tracker state [
	[('intent_battery_search', 1), ('prev_utter_ask_user_info', 1)]
	[('intent_user_detail', 1), ('entity_mobile', 1), ('slot_mobile_0', 1), ('prev_action_listen', 1)]
	[('intent_user_detail', 1), ('entity_mobile', 1), ('slot_mobile_0', 1), ('prev_utter_ask_car_type', 1)]]
DEBUG:rasa_core.featurizers:Feature 'entity_city' (value: '1.0') could not be found in feature map. Make sure you added all intents and entities to the domain
DEBUG:rasa_core.featurizers:Feature 'entity_city' (value: '1.0') could not be found in feature map. Make sure you added all intents and entities to the domain
DEBUG:rasa_core.policies.ensemble:Predicted next action #0 with prob 1.00.
DEBUG:rasa_core.processor:Action 'action_listen' ended with events '[]'
DEBUG:rasa_core.processor:Current topic: None
DEBUG:rasa_core.tracker_store:Recreating tracker for id 'default'
DEBUG:rasa_core.processor:Received user message 'petrol' with intent '{'name': 'car_details', 'confidence': 0.60388890164429232}' and entities  '[{'start': 0, 'end': 6, 'value': 'PETROL', 'entity': 'car_type', 'extractor': 'ner_crf', 'processors': ['ner_synonyms']}]'
DEBUG:rasa_core.processor:Logged UserUtterance - tracker now has 16 events
DEBUG:rasa_core.processor:Current slot values: 
	car: None
	car_type: PETROL
	mobile: 9810784182
	name: None
DEBUG:rasa_core.featurizers:Feature 'entity_city' (value: '1.0') could not be found in feature map. Make sure you added all intents and entities to the domain
DEBUG:rasa_core.featurizers:Feature 'entity_city' (value: '1.0') could not be found in feature map. Make sure you added all intents and entities to the domain
DEBUG:rasa_core.policies.memoization:Current tracker state [
	[('intent_user_detail', 1), ('entity_mobile', 1), ('slot_mobile_0', 1), ('prev_action_listen', 1)]
	[('intent_user_detail', 1), ('entity_mobile', 1), ('slot_mobile_0', 1), ('prev_utter_ask_car_type', 1)]
	[('intent_car_details', 1), ('entity_car_type', 1), ('slot_car_type_0', 1), ('slot_mobile_0', 1), ('prev_action_listen', 1)]]
DEBUG:rasa_core.featurizers:Feature 'entity_city' (value: '1.0') could not be found in feature map. Make sure you added all intents and entities to the domain
DEBUG:rasa_core.featurizers:Feature 'entity_city' (value: '1.0') could not be found in feature map. Make sure you added all intents and entities to the domain
DEBUG:rasa_core.policies.ensemble:Predicted next action #7 with prob 0.83.
ERROR:rasa_core.processor:Encountered an exception while running action 'action_provide_battery_options'. Bot will continue, but the actions events are lost. Make sure to fix the exception in your custom code.
ERROR:rasa_core.processor:__init__() missing 1 required positional argument: 'key'
Traceback (most recent call last):
  File "/home/synerzip/anaconda3/lib/python3.6/site-packages/rasa_core/processor.py", line 282, in _run_action
    events = action.run(dispatcher, tracker, self.domain)
  File "/home/synerzip/pycharm/workspace/batteryboss/actions.py", line 21, in run
    return [SlotSet()]
TypeError: __init__() missing 1 required positional argument: 'key'
DEBUG:rasa_core.processor:Bot utterance 'BotUttered(text: Following options are available in Petrol Variant: Exide 4250, Amaron 3900, data: null)'
DEBUG:rasa_core.processor:Action 'action_provide_battery_options' ended with events '[]'
DEBUG:rasa_core.featurizers:Feature 'entity_city' (value: '1.0') could not be found in feature map. Make sure you added all intents and entities to the domain
DEBUG:rasa_core.policies.memoization:Current tracker state [
	[('intent_user_detail', 1), ('entity_mobile', 1), ('slot_mobile_0', 1), ('prev_utter_ask_car_type', 1)]
	[('intent_car_details', 1), ('entity_car_type', 1), ('slot_car_type_0', 1), ('slot_mobile_0', 1), ('prev_action_listen', 1)]
	[('intent_car_details', 1), ('entity_car_type', 1), ('slot_car_type_0', 1), ('slot_mobile_0', 1), ('prev_action_provide_battery_options', 1)]]
DEBUG:rasa_core.featurizers:Feature 'entity_city' (value: '1.0') could not be found in feature map. Make sure you added all intents and entities to the domain
DEBUG:rasa_core.policies.ensemble:Predicted next action #0 with prob 1.00.
DEBUG:rasa_core.processor:Action 'action_listen' ended with events '[]'
DEBUG:rasa_core.processor:Current topic: None
DEBUG:rasa_core.tracker_store:Recreating tracker for id 'default'
DEBUG:rasa_core.processor:Received user message 'hi' with intent '{'name': 'greet', 'confidence': 0.92175478585362869}' and entities  '[]'
DEBUG:rasa_core.processor:Logged UserUtterance - tracker now has 20 events
DEBUG:rasa_core.processor:Current slot values: 
	car: None
	car_type: PETROL
	mobile: 9810784182
	name: None
DEBUG:rasa_core.policies.memoization:Current tracker state [
	[('intent_car_details', 1), ('entity_car_type', 1), ('slot_car_type_0', 1), ('slot_mobile_0', 1), ('prev_action_listen', 1)]
	[('intent_car_details', 1), ('entity_car_type', 1), ('slot_car_type_0', 1), ('slot_mobile_0', 1), ('prev_action_provide_battery_options', 1)]
	[('intent_greet', 1), ('slot_car_type_0', 1), ('slot_mobile_0', 1), ('prev_action_listen', 1)]]
DEBUG:rasa_core.policies.ensemble:Predicted next action #2 with prob 0.97.
DEBUG:rasa_core.processor:Bot utterance 'BotUttered(text: hi! Welcome to BatteryBoss! How can I help?, data: null)'
DEBUG:rasa_core.processor:Action 'utter_greet' ended with events '[]'
DEBUG:rasa_core.policies.memoization:Current tracker state [
	[('intent_car_details', 1), ('entity_car_type', 1), ('slot_car_type_0', 1), ('slot_mobile_0', 1), ('prev_action_provide_battery_options', 1)]
	[('intent_greet', 1), ('slot_car_type_0', 1), ('slot_mobile_0', 1), ('prev_action_listen', 1)]
	[('intent_greet', 1), ('slot_car_type_0', 1), ('slot_mobile_0', 1), ('prev_utter_greet', 1)]]
DEBUG:rasa_core.policies.ensemble:Predicted next action #0 with prob 1.00.
DEBUG:rasa_core.processor:Action 'action_listen' ended with events '[]'
DEBUG:rasa_core.processor:Current topic: None
DEBUG:pip.vcs:Registered VCS backend: git
DEBUG:pip.vcs:Registered VCS backend: hg
DEBUG:pip.vcs:Registered VCS backend: svn
DEBUG:pip.vcs:Registered VCS backend: bzr
INFO:rasa_nlu.components:Added 'nlp_spacy' to component cache. Key 'nlp_spacy-en'.
DEBUG:rasa_core.tracker_store:Creating a new tracker for id 'default'.
DEBUG:rasa_core.processor:Received user message 'hi' with intent '{'name': 'greet', 'confidence': 0.92175478585362869}' and entities  '[]'
DEBUG:rasa_core.processor:Logged UserUtterance - tracker now has 2 events
DEBUG:rasa_core.processor:Current slot values: 
	car: None
	car_type: None
	mobile: None
	name: None
DEBUG:rasa_core.policies.memoization:Current tracker state [
	None
	None
	[('intent_greet', 1), ('prev_action_listen', 1)]]
DEBUG:rasa_core.policies.memoization:Used memorised next action '2'
DEBUG:rasa_core.policies.ensemble:Predicted next action #2 with prob 1.00.
DEBUG:rasa_core.processor:Bot utterance 'BotUttered(text: hi! Welcome to BatteryBoss! How can I help?, data: null)'
DEBUG:rasa_core.processor:Action 'utter_greet' ended with events '[]'
DEBUG:rasa_core.policies.memoization:Current tracker state [
	None
	[('intent_greet', 1), ('prev_action_listen', 1)]
	[('intent_greet', 1), ('prev_utter_greet', 1)]]
DEBUG:rasa_core.policies.memoization:Used memorised next action '0'
DEBUG:rasa_core.policies.ensemble:Predicted next action #0 with prob 1.00.
DEBUG:rasa_core.processor:Action 'action_listen' ended with events '[]'
DEBUG:rasa_core.processor:Current topic: None
DEBUG:rasa_core.tracker_store:Recreating tracker for id 'default'
DEBUG:rasa_core.processor:Received user message 'need to change my car battery' with intent '{'name': 'battery_search', 'confidence': 0.96558833701731073}' and entities  '[]'
DEBUG:rasa_core.processor:Logged UserUtterance - tracker now has 6 events
DEBUG:rasa_core.processor:Current slot values: 
	car: None
	car_type: None
	mobile: None
	name: None
DEBUG:rasa_core.policies.memoization:Current tracker state [
	[('intent_greet', 1), ('prev_action_listen', 1)]
	[('intent_greet', 1), ('prev_utter_greet', 1)]
	[('intent_battery_search', 1), ('prev_action_listen', 1)]]
DEBUG:rasa_core.policies.ensemble:Predicted next action #3 with prob 0.52.
DEBUG:rasa_core.processor:Bot utterance 'BotUttered(text: Please provide your name & contact number, data: null)'
DEBUG:rasa_core.processor:Action 'utter_ask_user_info' ended with events '[]'
DEBUG:rasa_core.policies.memoization:Current tracker state [
	[('intent_greet', 1), ('prev_utter_greet', 1)]
	[('intent_battery_search', 1), ('prev_action_listen', 1)]
	[('intent_battery_search', 1), ('prev_utter_ask_user_info', 1)]]
DEBUG:rasa_core.policies.ensemble:Predicted next action #0 with prob 1.00.
DEBUG:rasa_core.processor:Action 'action_listen' ended with events '[]'
DEBUG:rasa_core.processor:Current topic: None
DEBUG:rasa_core.tracker_store:Recreating tracker for id 'default'
DEBUG:rasa_core.processor:Received user message 'Madhav 9810784182' with intent '{'name': 'user_detail', 'confidence': 0.89598479112891449}' and entities  '[{'start': 0, 'end': 6, 'value': 'Madhav', 'entity': 'city', 'extractor': 'ner_crf'}, {'start': 7, 'end': 17, 'value': '9810784182', 'entity': 'mobile', 'extractor': 'ner_crf'}]'
DEBUG:rasa_core.processor:Logged UserUtterance - tracker now has 11 events
DEBUG:rasa_core.processor:Current slot values: 
	car: None
	car_type: None
	mobile: 9810784182
	name: None
DEBUG:rasa_core.featurizers:Feature 'entity_city' (value: '1.0') could not be found in feature map. Make sure you added all intents and entities to the domain
DEBUG:rasa_core.policies.memoization:Current tracker state [
	[('intent_battery_search', 1), ('prev_action_listen', 1)]
	[('intent_battery_search', 1), ('prev_utter_ask_user_info', 1)]
	[('intent_user_detail', 1), ('entity_mobile', 1), ('slot_mobile_0', 1), ('prev_action_listen', 1)]]
DEBUG:rasa_core.featurizers:Feature 'entity_city' (value: '1.0') could not be found in feature map. Make sure you added all intents and entities to the domain
DEBUG:rasa_core.policies.ensemble:Predicted next action #4 with prob 0.87.
DEBUG:rasa_core.processor:Bot utterance 'BotUttered(text: Is your car petrol or diesel, data: null)'
DEBUG:rasa_core.processor:Action 'utter_ask_car_type' ended with events '[]'
DEBUG:rasa_core.featurizers:Feature 'entity_city' (value: '1.0') could not be found in feature map. Make sure you added all intents and entities to the domain
DEBUG:rasa_core.featurizers:Feature 'entity_city' (value: '1.0') could not be found in feature map. Make sure you added all intents and entities to the domain
DEBUG:rasa_core.policies.memoization:Current tracker state [
	[('intent_battery_search', 1), ('prev_utter_ask_user_info', 1)]
	[('intent_user_detail', 1), ('entity_mobile', 1), ('slot_mobile_0', 1), ('prev_action_listen', 1)]
	[('intent_user_detail', 1), ('entity_mobile', 1), ('slot_mobile_0', 1), ('prev_utter_ask_car_type', 1)]]
DEBUG:rasa_core.featurizers:Feature 'entity_city' (value: '1.0') could not be found in feature map. Make sure you added all intents and entities to the domain
DEBUG:rasa_core.featurizers:Feature 'entity_city' (value: '1.0') could not be found in feature map. Make sure you added all intents and entities to the domain
DEBUG:rasa_core.policies.ensemble:Predicted next action #0 with prob 1.00.
DEBUG:rasa_core.processor:Action 'action_listen' ended with events '[]'
DEBUG:rasa_core.processor:Current topic: None
DEBUG:rasa_core.tracker_store:Recreating tracker for id 'default'
DEBUG:rasa_core.processor:Received user message 'petrol' with intent '{'name': 'car_details', 'confidence': 0.60388890164429232}' and entities  '[{'start': 0, 'end': 6, 'value': 'PETROL', 'entity': 'car_type', 'extractor': 'ner_crf', 'processors': ['ner_synonyms']}]'
DEBUG:rasa_core.processor:Logged UserUtterance - tracker now has 16 events
DEBUG:rasa_core.processor:Current slot values: 
	car: None
	car_type: PETROL
	mobile: 9810784182
	name: None
DEBUG:rasa_core.featurizers:Feature 'entity_city' (value: '1.0') could not be found in feature map. Make sure you added all intents and entities to the domain
DEBUG:rasa_core.featurizers:Feature 'entity_city' (value: '1.0') could not be found in feature map. Make sure you added all intents and entities to the domain
DEBUG:rasa_core.policies.memoization:Current tracker state [
	[('intent_user_detail', 1), ('entity_mobile', 1), ('slot_mobile_0', 1), ('prev_action_listen', 1)]
	[('intent_user_detail', 1), ('entity_mobile', 1), ('slot_mobile_0', 1), ('prev_utter_ask_car_type', 1)]
	[('intent_car_details', 1), ('entity_car_type', 1), ('slot_car_type_0', 1), ('slot_mobile_0', 1), ('prev_action_listen', 1)]]
DEBUG:rasa_core.featurizers:Feature 'entity_city' (value: '1.0') could not be found in feature map. Make sure you added all intents and entities to the domain
DEBUG:rasa_core.featurizers:Feature 'entity_city' (value: '1.0') could not be found in feature map. Make sure you added all intents and entities to the domain
DEBUG:rasa_core.policies.ensemble:Predicted next action #7 with prob 0.83.
DEBUG:rasa_core.processor:Bot utterance 'BotUttered(text: Following options are available in Petrol Variant: Exide 4250, Amaron 3900, data: null)'
DEBUG:rasa_core.processor:Action 'action_provide_battery_options' ended with events '['AllSlotsReset()']'
DEBUG:rasa_core.featurizers:Feature 'entity_city' (value: '1.0') could not be found in feature map. Make sure you added all intents and entities to the domain
DEBUG:rasa_core.policies.memoization:Current tracker state [
	[('intent_user_detail', 1), ('entity_mobile', 1), ('slot_mobile_0', 1), ('prev_utter_ask_car_type', 1)]
	[('intent_car_details', 1), ('entity_car_type', 1), ('slot_car_type_0', 1), ('slot_mobile_0', 1), ('prev_action_listen', 1)]
	[('intent_car_details', 1), ('entity_car_type', 1), ('prev_action_provide_battery_options', 1)]]
DEBUG:rasa_core.featurizers:Feature 'entity_city' (value: '1.0') could not be found in feature map. Make sure you added all intents and entities to the domain
DEBUG:rasa_core.policies.ensemble:Predicted next action #0 with prob 1.00.
DEBUG:rasa_core.processor:Action 'action_listen' ended with events '[]'
DEBUG:rasa_core.processor:Current topic: None
DEBUG:pip.vcs:Registered VCS backend: git
DEBUG:pip.vcs:Registered VCS backend: hg
DEBUG:pip.vcs:Registered VCS backend: svn
DEBUG:pip.vcs:Registered VCS backend: bzr
INFO:rasa_nlu.components:Added 'nlp_spacy' to component cache. Key 'nlp_spacy-en'.
DEBUG:rasa_core.tracker_store:Creating a new tracker for id 'default'.
DEBUG:rasa_core.processor:Received user message 'can you help me in changing car battery for mahindra xuv 500' with intent '{'name': 'battery_search', 'confidence': 0.9110153122521033}' and entities  '[]'
DEBUG:rasa_core.processor:Logged UserUtterance - tracker now has 2 events
DEBUG:rasa_core.processor:Current slot values: 
	car: None
	car_type: None
	mobile: None
	name: None
DEBUG:rasa_core.policies.memoization:Current tracker state [
	None
	None
	[('intent_battery_search', 1), ('prev_action_listen', 1)]]
DEBUG:rasa_core.policies.memoization:Used memorised next action '6'
DEBUG:rasa_core.policies.ensemble:Predicted next action #6 with prob 1.00.
DEBUG:rasa_core.processor:Bot utterance 'BotUttered(text: Please provide you car details, data: null)'
DEBUG:rasa_core.processor:Action 'utter_ask_car_info' ended with events '[]'
DEBUG:rasa_core.policies.memoization:Current tracker state [
	None
	[('intent_battery_search', 1), ('prev_action_listen', 1)]
	[('intent_battery_search', 1), ('prev_utter_ask_car_info', 1)]]
DEBUG:rasa_core.policies.memoization:Used memorised next action '0'
DEBUG:rasa_core.policies.ensemble:Predicted next action #0 with prob 1.00.
DEBUG:rasa_core.processor:Action 'action_listen' ended with events '[]'
DEBUG:rasa_core.processor:Current topic: None
DEBUG:rasa_core.tracker_store:Recreating tracker for id 'default'
DEBUG:rasa_core.processor:Received user message 'mahindra xuv 500 diesel' with intent '{'name': 'car_details', 'confidence': 0.60066840841071367}' and entities  '[{'start': 17, 'end': 23, 'value': 'Diesel', 'entity': 'car_type', 'extractor': 'ner_crf', 'processors': ['ner_synonyms']}]'
DEBUG:rasa_core.processor:Logged UserUtterance - tracker now has 7 events
DEBUG:rasa_core.processor:Current slot values: 
	car: None
	car_type: Diesel
	mobile: None
	name: None
DEBUG:rasa_core.policies.memoization:Current tracker state [
	[('intent_battery_search', 1), ('prev_action_listen', 1)]
	[('intent_battery_search', 1), ('prev_utter_ask_car_info', 1)]
	[('intent_car_details', 1), ('entity_car_type', 1), ('slot_car_type_0', 1), ('prev_action_listen', 1)]]
DEBUG:rasa_core.policies.ensemble:Predicted next action #3 with prob 0.78.
DEBUG:rasa_core.processor:Bot utterance 'BotUttered(text: Let me check. Can you provide your name & contact number, data: null)'
DEBUG:rasa_core.processor:Action 'utter_ask_user_info' ended with events '[]'
DEBUG:rasa_core.policies.memoization:Current tracker state [
	[('intent_battery_search', 1), ('prev_utter_ask_car_info', 1)]
	[('intent_car_details', 1), ('entity_car_type', 1), ('slot_car_type_0', 1), ('prev_action_listen', 1)]
	[('intent_car_details', 1), ('entity_car_type', 1), ('slot_car_type_0', 1), ('prev_utter_ask_user_info', 1)]]
DEBUG:rasa_core.policies.ensemble:Predicted next action #0 with prob 1.00.
DEBUG:rasa_core.processor:Action 'action_listen' ended with events '[]'
DEBUG:rasa_core.processor:Current topic: None
DEBUG:rasa_core.tracker_store:Recreating tracker for id 'default'
DEBUG:rasa_core.processor:Received user message 'Madhav 9810784182' with intent '{'name': 'user_detail', 'confidence': 0.89598479112891449}' and entities  '[{'start': 0, 'end': 6, 'value': 'Madhav', 'entity': 'city', 'extractor': 'ner_crf'}, {'start': 7, 'end': 17, 'value': '9810784182', 'entity': 'mobile', 'extractor': 'ner_crf'}]'
DEBUG:rasa_core.processor:Logged UserUtterance - tracker now has 12 events
DEBUG:rasa_core.processor:Current slot values: 
	car: None
	car_type: Diesel
	mobile: 9810784182
	name: None
DEBUG:rasa_core.featurizers:Feature 'entity_city' (value: '1.0') could not be found in feature map. Make sure you added all intents and entities to the domain
DEBUG:rasa_core.policies.memoization:Current tracker state [
	[('intent_car_details', 1), ('entity_car_type', 1), ('slot_car_type_0', 1), ('prev_action_listen', 1)]
	[('intent_car_details', 1), ('entity_car_type', 1), ('slot_car_type_0', 1), ('prev_utter_ask_user_info', 1)]
	[('intent_user_detail', 1), ('entity_mobile', 1), ('slot_car_type_0', 1), ('slot_mobile_0', 1), ('prev_action_listen', 1)]]
DEBUG:rasa_core.featurizers:Feature 'entity_city' (value: '1.0') could not be found in feature map. Make sure you added all intents and entities to the domain
DEBUG:rasa_core.policies.ensemble:Predicted next action #7 with prob 0.99.
DEBUG:rasa_core.processor:Bot utterance 'BotUttered(text: Following options are available in Petrol Variant: Exide 4250, Amaron 3900, data: null)'
DEBUG:rasa_core.processor:Action 'action_provide_battery_options' ended with events '['AllSlotsReset()']'
DEBUG:rasa_core.featurizers:Feature 'entity_city' (value: '1.0') could not be found in feature map. Make sure you added all intents and entities to the domain
DEBUG:rasa_core.featurizers:Feature 'entity_city' (value: '1.0') could not be found in feature map. Make sure you added all intents and entities to the domain
DEBUG:rasa_core.policies.memoization:Current tracker state [
	[('intent_car_details', 1), ('entity_car_type', 1), ('slot_car_type_0', 1), ('prev_utter_ask_user_info', 1)]
	[('intent_user_detail', 1), ('entity_mobile', 1), ('slot_car_type_0', 1), ('slot_mobile_0', 1), ('prev_action_listen', 1)]
	[('intent_user_detail', 1), ('entity_mobile', 1), ('prev_action_provide_battery_options', 1)]]
DEBUG:rasa_core.featurizers:Feature 'entity_city' (value: '1.0') could not be found in feature map. Make sure you added all intents and entities to the domain
DEBUG:rasa_core.featurizers:Feature 'entity_city' (value: '1.0') could not be found in feature map. Make sure you added all intents and entities to the domain
DEBUG:rasa_core.policies.ensemble:Predicted next action #0 with prob 1.00.
DEBUG:rasa_core.processor:Action 'action_listen' ended with events '[]'
DEBUG:rasa_core.processor:Current topic: None
